# JRE version: OpenJDK Runtime Environment (8.0_152-b01) (build 1.8.0_152-release-915-b01)
# Java VM: OpenJDK 64-Bit Server VM (25.152-b01 mixed mode windows-amd64 compressed oops)
Heap:
 PSYoungGen      total 112128K, used 99840K [0x00000000e0000000, 0x00000000ea200000, 0x0000000100000000)
  eden space 99840K, 100% used [0x00000000e0000000,0x00000000e6180000,0x00000000e6180000)
  from space 12288K, 0% used [0x00000000e6180000,0x00000000e6180000,0x00000000e6d80000)
  to   space 11776K, 55% used [0x00000000e9680000,0x00000000e9ce32f0,0x00000000ea200000)
 ParOldGen       total 72704K, used 15489K [0x00000000a0000000, 0x00000000a4700000, 0x00000000e0000000)
  object space 72704K, 21% used [0x00000000a0000000,0x00000000a0f20530,0x00000000a4700000)
 Metaspace       used 42027K, capacity 42874K, committed 43096K, reserved 1087488K
  class space    used 5622K, capacity 5924K, committed 6016K, reserved 1048576K
GC Heap History (10 events):
Event: 37.324 GC heap after
Heap after GC invocations=7 (full 1):
 PSYoungGen      total 67584K, used 5118K [0x00000000e0000000, 0x00000000e4d80000, 0x0000000100000000)
  eden space 58880K, 0% used [0x00000000e0000000,0x00000000e0000000,0x00000000e3980000)
  from space 8704K, 58% used [0x00000000e4500000,0x00000000e49ffb48,0x00000000e4d80000)
  to   space 10240K, 0% used [0x00000000e3980000,0x00000000e3980000,0x00000000e4380000)
 ParOldGen       total 52736K, used 8717K [0x00000000a0000000, 0x00000000a3380000, 0x00000000e0000000)
  object space 52736K, 16% used [0x00000000a0000000,0x00000000a0883660,0x00000000a3380000)
 Metaspace       used 26188K, capacity 26662K, committed 26880K, reserved 1073152K
  class space    used 3552K, capacity 3746K, committed 3840K, reserved 1048576K
}
Event: 47.055 GC heap before
{Heap before GC invocations=8 (full 1):
 PSYoungGen      total 67584K, used 63998K [0x00000000e0000000, 0x00000000e4d80000, 0x0000000100000000)
  eden space 58880K, 100% used [0x00000000e0000000,0x00000000e3980000,0x00000000e3980000)
  from space 8704K, 58% used [0x00000000e4500000,0x00000000e49ffb48,0x00000000e4d80000)
  to   space 10240K, 0% used [0x00000000e3980000,0x00000000e3980000,0x00000000e4380000)
 ParOldGen       total 52736K, used 8717K [0x00000000a0000000, 0x00000000a3380000, 0x00000000e0000000)
  object space 52736K, 16% used [0x00000000a0000000,0x00000000a0883660,0x00000000a3380000)
 Metaspace       used 31091K, capacity 31734K, committed 32000K, reserved 1077248K
  class space    used 4319K, capacity 4584K, committed 4608K, reserved 1048576K
Event: 47.126 GC heap after
Heap after GC invocations=8 (full 1):
 PSYoungGen      total 69120K, used 9799K [0x00000000e0000000, 0x00000000e7b00000, 0x0000000100000000)
  eden space 58880K, 0% used [0x00000000e0000000,0x00000000e0000000,0x00000000e3980000)
  from space 10240K, 95% used [0x00000000e3980000,0x00000000e4311da8,0x00000000e4380000)
  to   space 11776K, 0% used [0x00000000e6f80000,0x00000000e6f80000,0x00000000e7b00000)
 ParOldGen       total 52736K, used 8725K [0x00000000a0000000, 0x00000000a3380000, 0x00000000e0000000)
  object space 52736K, 16% used [0x00000000a0000000,0x00000000a0885660,0x00000000a3380000)
 Metaspace       used 31091K, capacity 31734K, committed 32000K, reserved 1077248K
  class space    used 4319K, capacity 4584K, committed 4608K, reserved 1048576K
}
Event: 59.274 GC heap before
{Heap before GC invocations=9 (full 1):
 PSYoungGen      total 69120K, used 68679K [0x00000000e0000000, 0x00000000e7b00000, 0x0000000100000000)
  eden space 58880K, 100% used [0x00000000e0000000,0x00000000e3980000,0x00000000e3980000)
  from space 10240K, 95% used [0x00000000e3980000,0x00000000e4311da8,0x00000000e4380000)
  to   space 11776K, 0% used [0x00000000e6f80000,0x00000000e6f80000,0x00000000e7b00000)
 ParOldGen       total 52736K, used 8725K [0x00000000a0000000, 0x00000000a3380000, 0x00000000e0000000)
  object space 52736K, 16% used [0x00000000a0000000,0x00000000a0885660,0x00000000a3380000)
 Metaspace       used 32938K, capacity 33610K, committed 33792K, reserved 1079296K
  class space    used 4493K, capacity 4763K, committed 4864K, reserved 1048576K
Event: 59.301 GC heap after
Heap after GC invocations=9 (full 1):
 PSYoungGen      total 110080K, used 9055K [0x00000000e0000000, 0x00000000e7980000, 0x0000000100000000)
  eden space 99840K, 0% used [0x00000000e0000000,0x00000000e0000000,0x00000000e6180000)
  from space 10240K, 88% used [0x00000000e6f80000,0x00000000e7857c58,0x00000000e7980000)
  to   space 12288K, 0% used [0x00000000e6180000,0x00000000e6180000,0x00000000e6d80000)
 ParOldGen       total 52736K, used 8805K [0x00000000a0000000, 0x00000000a3380000, 0x00000000e0000000)
  object space 52736K, 16% used [0x00000000a0000000,0x00000000a0899670,0x00000000a3380000)
 Metaspace       used 32938K, capacity 33610K, committed 33792K, reserved 1079296K
  class space    used 4493K, capacity 4763K, committed 4864K, reserved 1048576K
}
Event: 61.211 GC heap before
{Heap before GC invocations=10 (full 1):
 PSYoungGen      total 110080K, used 18388K [0x00000000e0000000, 0x00000000e7980000, 0x0000000100000000)
  eden space 99840K, 9% used [0x00000000e0000000,0x00000000e091d600,0x00000000e6180000)
  from space 10240K, 88% used [0x00000000e6f80000,0x00000000e7857c58,0x00000000e7980000)
  to   space 12288K, 0% used [0x00000000e6180000,0x00000000e6180000,0x00000000e6d80000)
 ParOldGen       total 52736K, used 8805K [0x00000000a0000000, 0x00000000a3380000, 0x00000000e0000000)
  object space 52736K, 16% used [0x00000000a0000000,0x00000000a0899670,0x00000000a3380000)
 Metaspace       used 34577K, capacity 35252K, committed 35416K, reserved 1079296K
  class space    used 4706K, capacity 4974K, committed 4992K, reserved 1048576K
Event: 61.236 GC heap after
Heap after GC invocations=10 (full 1):
 PSYoungGen      total 112128K, used 6428K [0x00000000e0000000, 0x00000000ea200000, 0x0000000100000000)
  eden space 99840K, 0% used [0x00000000e0000000,0x00000000e0000000,0x00000000e6180000)
  from space 12288K, 52% used [0x00000000e6180000,0x00000000e67c7060,0x00000000e6d80000)
  to   space 11776K, 0% used [0x00000000e9680000,0x00000000e9680000,0x00000000ea200000)
 ParOldGen       total 52736K, used 11765K [0x00000000a0000000, 0x00000000a3380000, 0x00000000e0000000)
  object space 52736K, 22% used [0x00000000a0000000,0x00000000a0b7d6c8,0x00000000a3380000)
 Metaspace       used 34577K, capacity 35252K, committed 35416K, reserved 1079296K
  class space    used 4706K, capacity 4974K, committed 4992K, reserved 1048576K
}
Event: 61.237 GC heap before
{Heap before GC invocations=11 (full 2):
 PSYoungGen      total 112128K, used 6428K [0x00000000e0000000, 0x00000000ea200000, 0x0000000100000000)
  eden space 99840K, 0% used [0x00000000e0000000,0x00000000e0000000,0x00000000e6180000)
  from space 12288K, 52% used [0x00000000e6180000,0x00000000e67c7060,0x00000000e6d80000)
  to   space 11776K, 0% used [0x00000000e9680000,0x00000000e9680000,0x00000000ea200000)
 ParOldGen       total 52736K, used 11765K [0x00000000a0000000, 0x00000000a3380000, 0x00000000e0000000)
  object space 52736K, 22% used [0x00000000a0000000,0x00000000a0b7d6c8,0x00000000a3380000)
 Metaspace       used 34577K, capacity 35252K, committed 35416K, reserved 1079296K
  class space    used 4706K, capacity 4974K, committed 4992K, reserved 1048576K
Event: 61.455 GC heap after
Heap after GC invocations=11 (full 2):
 PSYoungGen      total 112128K, used 0K [0x00000000e0000000, 0x00000000ea200000, 0x0000000100000000)
  eden space 99840K, 0% used [0x00000000e0000000,0x00000000e0000000,0x00000000e6180000)
  from space 12288K, 0% used [0x00000000e6180000,0x00000000e6180000,0x00000000e6d80000)
  to   space 11776K, 0% used [0x00000000e9680000,0x00000000e9680000,0x00000000ea200000)
 ParOldGen       total 72704K, used 15481K [0x00000000a0000000, 0x00000000a4700000, 0x00000000e0000000)
  object space 72704K, 21% used [0x00000000a0000000,0x00000000a0f1e530,0x00000000a4700000)
 Metaspace       used 34577K, capacity 35252K, committed 35416K, reserved 1079296K
  class space    used 4706K, capacity 4974K, committed 4992K, reserved 1048576K
}
Event: 65.766 GC heap before
{Heap before GC invocations=12 (full 2):
 PSYoungGen      total 112128K, used 99840K [0x00000000e0000000, 0x00000000ea200000, 0x0000000100000000)
  eden space 99840K, 100% used [0x00000000e0000000,0x00000000e6180000,0x00000000e6180000)
  from space 12288K, 0% used [0x00000000e6180000,0x00000000e6180000,0x00000000e6d80000)
  to   space 11776K, 0% used [0x00000000e9680000,0x00000000e9680000,0x00000000ea200000)
 ParOldGen       total 72704K, used 15481K [0x00000000a0000000, 0x00000000a4700000, 0x00000000e0000000)
  object space 72704K, 21% used [0x00000000a0000000,0x00000000a0f1e530,0x00000000a4700000)
 Metaspace       used 42027K, capacity 42874K, committed 43096K, reserved 1087488K
  class space    used 5622K, capacity 5924K, committed 6016K, reserved 1048576K

